2014-09-30 00:05:32,397 - Log4JLogChute initialized using file 'velocity.log'
2014-09-30 00:05:32,397 - Velocity was not initialized! Calling init()...
2014-09-30 00:05:32,397 - Starting Apache Velocity v1.5 (compiled: 2007-02-22 08:52:29)
2014-09-30 00:05:32,397 - Default Properties File: org\apache\velocity\runtime\defaults\velocity.properties
2014-09-30 00:05:32,397 - Trying to use logger class org.apache.velocity.runtime.log.AvalonLogChute
2014-09-30 00:05:32,398 - Couldn't find class org.apache.velocity.runtime.log.AvalonLogChute or necessary supporting classes in classpath.
java.lang.NoClassDefFoundError: org/apache/log/format/Formatter
	at java.lang.Class.forName0(Native Method)
	at java.lang.Class.forName(Class.java:266)
	at org.apache.velocity.util.ClassUtils.getClass(ClassUtils.java:63)
	at org.apache.velocity.util.ClassUtils.getNewInstance(ClassUtils.java:95)
	at org.apache.velocity.runtime.log.LogManager.createLogChute(LogManager.java:147)
	at org.apache.velocity.runtime.log.LogManager.updateLog(LogManager.java:208)
	at org.apache.velocity.runtime.RuntimeInstance.initializeLog(RuntimeInstance.java:728)
	at org.apache.velocity.runtime.RuntimeInstance.init(RuntimeInstance.java:240)
	at org.apache.velocity.runtime.RuntimeInstance.parse(RuntimeInstance.java:993)
	at org.apache.velocity.runtime.RuntimeInstance.parse(RuntimeInstance.java:972)
	at org.apache.velocity.runtime.RuntimeSingleton.parse(RuntimeSingleton.java:265)
	at org.apache.velocity.app.Velocity.evaluate(Velocity.java:274)
	at org.sonatype.mavenbook.weather.WeatherFormatter.format(WeatherFormatter.java:21)
	at org.sonatype.mavenbook.weather.WeatherFormatterTest.testFormat(WeatherFormatterTest.java:23)
	at sun.reflect.NativeMethodAccessorImpl.invoke0(Native Method)
	at sun.reflect.NativeMethodAccessorImpl.invoke(NativeMethodAccessorImpl.java:57)
	at sun.reflect.DelegatingMethodAccessorImpl.invoke(DelegatingMethodAccessorImpl.java:43)
	at java.lang.reflect.Method.invoke(Method.java:601)
	at junit.framework.TestCase.runTest(TestCase.java:154)
	at junit.framework.TestCase.runBare(TestCase.java:127)
	at junit.framework.TestResult$1.protect(TestResult.java:106)
	at junit.framework.TestResult.runProtected(TestResult.java:124)
	at junit.framework.TestResult.run(TestResult.java:109)
	at junit.framework.TestCase.run(TestCase.java:118)
	at junit.framework.TestSuite.runTest(TestSuite.java:208)
	at junit.framework.TestSuite.run(TestSuite.java:203)
	at sun.reflect.NativeMethodAccessorImpl.invoke0(Native Method)
	at sun.reflect.NativeMethodAccessorImpl.invoke(NativeMethodAccessorImpl.java:57)
	at sun.reflect.DelegatingMethodAccessorImpl.invoke(DelegatingMethodAccessorImpl.java:43)
	at java.lang.reflect.Method.invoke(Method.java:601)
	at org.apache.maven.surefire.junit.JUnitTestSet.execute(JUnitTestSet.java:95)
	at org.apache.maven.surefire.junit.JUnit3Provider.executeTestSet(JUnit3Provider.java:121)
	at org.apache.maven.surefire.junit.JUnit3Provider.invoke(JUnit3Provider.java:98)
	at sun.reflect.NativeMethodAccessorImpl.invoke0(Native Method)
	at sun.reflect.NativeMethodAccessorImpl.invoke(NativeMethodAccessorImpl.java:57)
	at sun.reflect.DelegatingMethodAccessorImpl.invoke(DelegatingMethodAccessorImpl.java:43)
	at java.lang.reflect.Method.invoke(Method.java:601)
	at org.apache.maven.surefire.util.ReflectionUtils.invokeMethodWithArray(ReflectionUtils.java:189)
	at org.apache.maven.surefire.booter.ProviderFactory$ProviderProxy.invoke(ProviderFactory.java:165)
	at org.apache.maven.surefire.booter.ProviderFactory.invokeProvider(ProviderFactory.java:85)
	at org.apache.maven.surefire.booter.ForkedBooter.runSuitesInProcess(ForkedBooter.java:115)
	at org.apache.maven.surefire.booter.ForkedBooter.main(ForkedBooter.java:75)
Caused by: java.lang.ClassNotFoundException: org.apache.log.format.Formatter
	at java.net.URLClassLoader$1.run(URLClassLoader.java:366)
	at java.net.URLClassLoader$1.run(URLClassLoader.java:355)
	at java.security.AccessController.doPrivileged(Native Method)
	at java.net.URLClassLoader.findClass(URLClassLoader.java:354)
	at java.lang.ClassLoader.loadClass(ClassLoader.java:423)
	at sun.misc.Launcher$AppClassLoader.loadClass(Launcher.java:308)
	at java.lang.ClassLoader.loadClass(ClassLoader.java:356)
	... 42 more
2014-09-30 00:05:32,400 - Trying to use logger class org.apache.velocity.runtime.log.Log4JLogChute
2014-09-30 00:05:32,400 - Using logger class org.apache.velocity.runtime.log.Log4JLogChute
2014-09-30 00:05:32,401 - Default ResourceManager initializing. (class org.apache.velocity.runtime.resource.ResourceManagerImpl)
2014-09-30 00:05:32,403 - ResourceLoader instantiated: org.apache.velocity.runtime.resource.loader.FileResourceLoader
2014-09-30 00:05:32,404 - Do unicode file recognition:  false
2014-09-30 00:05:32,404 - FileResourceLoader : adding path '.'
2014-09-30 00:05:32,411 - ResourceCache: initialized (class org.apache.velocity.runtime.resource.ResourceCacheImpl)
2014-09-30 00:05:32,412 - Loaded System Directive: org.apache.velocity.runtime.directive.Literal
2014-09-30 00:05:32,413 - Loaded System Directive: org.apache.velocity.runtime.directive.Macro
2014-09-30 00:05:32,414 - Loaded System Directive: org.apache.velocity.runtime.directive.Parse
2014-09-30 00:05:32,415 - Loaded System Directive: org.apache.velocity.runtime.directive.Include
2014-09-30 00:05:32,415 - Loaded System Directive: org.apache.velocity.runtime.directive.Foreach
2014-09-30 00:05:32,431 - Created '20' parsers.
2014-09-30 00:05:32,436 - Velocimacro : "velocimacro.library" is not set.  Trying default library: VM_global_library.vm
2014-09-30 00:05:32,436 - Velocimacro : Default library not found.
2014-09-30 00:05:32,436 - Velocimacro : allowInline = true : VMs can be defined inline in templates
2014-09-30 00:05:32,436 - Velocimacro : allowInlineToOverride = false : VMs defined inline may NOT replace previous VM definitions
2014-09-30 00:05:32,436 - Velocimacro : allowInlineLocal = false : VMs defined inline will be global in scope if allowed.
2014-09-30 00:05:32,436 - Velocimacro : autoload off : VM system will not automatically reload global library macros
2014-09-30 00:19:54,624 - Log4JLogChute initialized using file 'velocity.log'
2014-09-30 00:19:54,624 - Velocity was not initialized! Calling init()...
2014-09-30 00:19:54,624 - Starting Apache Velocity v1.5 (compiled: 2007-02-22 08:52:29)
2014-09-30 00:19:54,624 - Default Properties File: org\apache\velocity\runtime\defaults\velocity.properties
2014-09-30 00:19:54,624 - Trying to use logger class org.apache.velocity.runtime.log.AvalonLogChute
2014-09-30 00:19:54,625 - Couldn't find class org.apache.velocity.runtime.log.AvalonLogChute or necessary supporting classes in classpath.
java.lang.NoClassDefFoundError: org/apache/log/format/Formatter
	at java.lang.Class.forName0(Native Method)
	at java.lang.Class.forName(Class.java:266)
	at org.apache.velocity.util.ClassUtils.getClass(ClassUtils.java:63)
	at org.apache.velocity.util.ClassUtils.getNewInstance(ClassUtils.java:95)
	at org.apache.velocity.runtime.log.LogManager.createLogChute(LogManager.java:147)
	at org.apache.velocity.runtime.log.LogManager.updateLog(LogManager.java:208)
	at org.apache.velocity.runtime.RuntimeInstance.initializeLog(RuntimeInstance.java:728)
	at org.apache.velocity.runtime.RuntimeInstance.init(RuntimeInstance.java:240)
	at org.apache.velocity.runtime.RuntimeInstance.parse(RuntimeInstance.java:993)
	at org.apache.velocity.runtime.RuntimeInstance.parse(RuntimeInstance.java:972)
	at org.apache.velocity.runtime.RuntimeSingleton.parse(RuntimeSingleton.java:265)
	at org.apache.velocity.app.Velocity.evaluate(Velocity.java:274)
	at org.sonatype.mavenbook.weather.WeatherFormatter.format(WeatherFormatter.java:21)
	at org.sonatype.mavenbook.weather.WeatherFormatterTest.testFormat(WeatherFormatterTest.java:23)
	at sun.reflect.NativeMethodAccessorImpl.invoke0(Native Method)
	at sun.reflect.NativeMethodAccessorImpl.invoke(NativeMethodAccessorImpl.java:57)
	at sun.reflect.DelegatingMethodAccessorImpl.invoke(DelegatingMethodAccessorImpl.java:43)
	at java.lang.reflect.Method.invoke(Method.java:601)
	at junit.framework.TestCase.runTest(TestCase.java:154)
	at junit.framework.TestCase.runBare(TestCase.java:127)
	at junit.framework.TestResult$1.protect(TestResult.java:106)
	at junit.framework.TestResult.runProtected(TestResult.java:124)
	at junit.framework.TestResult.run(TestResult.java:109)
	at junit.framework.TestCase.run(TestCase.java:118)
	at junit.framework.TestSuite.runTest(TestSuite.java:208)
	at junit.framework.TestSuite.run(TestSuite.java:203)
	at sun.reflect.NativeMethodAccessorImpl.invoke0(Native Method)
	at sun.reflect.NativeMethodAccessorImpl.invoke(NativeMethodAccessorImpl.java:57)
	at sun.reflect.DelegatingMethodAccessorImpl.invoke(DelegatingMethodAccessorImpl.java:43)
	at java.lang.reflect.Method.invoke(Method.java:601)
	at org.apache.maven.surefire.junit.JUnitTestSet.execute(JUnitTestSet.java:95)
	at org.apache.maven.surefire.junit.JUnit3Provider.executeTestSet(JUnit3Provider.java:121)
	at org.apache.maven.surefire.junit.JUnit3Provider.invoke(JUnit3Provider.java:98)
	at sun.reflect.NativeMethodAccessorImpl.invoke0(Native Method)
	at sun.reflect.NativeMethodAccessorImpl.invoke(NativeMethodAccessorImpl.java:57)
	at sun.reflect.DelegatingMethodAccessorImpl.invoke(DelegatingMethodAccessorImpl.java:43)
	at java.lang.reflect.Method.invoke(Method.java:601)
	at org.apache.maven.surefire.util.ReflectionUtils.invokeMethodWithArray(ReflectionUtils.java:189)
	at org.apache.maven.surefire.booter.ProviderFactory$ProviderProxy.invoke(ProviderFactory.java:165)
	at org.apache.maven.surefire.booter.ProviderFactory.invokeProvider(ProviderFactory.java:85)
	at org.apache.maven.surefire.booter.ForkedBooter.runSuitesInProcess(ForkedBooter.java:115)
	at org.apache.maven.surefire.booter.ForkedBooter.main(ForkedBooter.java:75)
Caused by: java.lang.ClassNotFoundException: org.apache.log.format.Formatter
	at java.net.URLClassLoader$1.run(URLClassLoader.java:366)
	at java.net.URLClassLoader$1.run(URLClassLoader.java:355)
	at java.security.AccessController.doPrivileged(Native Method)
	at java.net.URLClassLoader.findClass(URLClassLoader.java:354)
	at java.lang.ClassLoader.loadClass(ClassLoader.java:423)
	at sun.misc.Launcher$AppClassLoader.loadClass(Launcher.java:308)
	at java.lang.ClassLoader.loadClass(ClassLoader.java:356)
	... 42 more
2014-09-30 00:19:54,627 - Trying to use logger class org.apache.velocity.runtime.log.Log4JLogChute
2014-09-30 00:19:54,627 - Using logger class org.apache.velocity.runtime.log.Log4JLogChute
2014-09-30 00:19:54,628 - Default ResourceManager initializing. (class org.apache.velocity.runtime.resource.ResourceManagerImpl)
2014-09-30 00:19:54,630 - ResourceLoader instantiated: org.apache.velocity.runtime.resource.loader.FileResourceLoader
2014-09-30 00:19:54,631 - Do unicode file recognition:  false
2014-09-30 00:19:54,631 - FileResourceLoader : adding path '.'
2014-09-30 00:19:54,639 - ResourceCache: initialized (class org.apache.velocity.runtime.resource.ResourceCacheImpl)
2014-09-30 00:19:54,640 - Loaded System Directive: org.apache.velocity.runtime.directive.Literal
2014-09-30 00:19:54,641 - Loaded System Directive: org.apache.velocity.runtime.directive.Macro
2014-09-30 00:19:54,641 - Loaded System Directive: org.apache.velocity.runtime.directive.Parse
2014-09-30 00:19:54,642 - Loaded System Directive: org.apache.velocity.runtime.directive.Include
2014-09-30 00:19:54,643 - Loaded System Directive: org.apache.velocity.runtime.directive.Foreach
2014-09-30 00:19:54,659 - Created '20' parsers.
2014-09-30 00:19:54,664 - Velocimacro : "velocimacro.library" is not set.  Trying default library: VM_global_library.vm
2014-09-30 00:19:54,664 - Velocimacro : Default library not found.
2014-09-30 00:19:54,664 - Velocimacro : allowInline = true : VMs can be defined inline in templates
2014-09-30 00:19:54,664 - Velocimacro : allowInlineToOverride = false : VMs defined inline may NOT replace previous VM definitions
2014-09-30 00:19:54,664 - Velocimacro : allowInlineLocal = false : VMs defined inline will be global in scope if allowed.
2014-09-30 00:19:54,664 - Velocimacro : autoload off : VM system will not automatically reload global library macros
2014-09-30 00:20:08,005 - Log4JLogChute initialized using file 'velocity.log'
2014-09-30 00:20:08,005 - Velocity was not initialized! Calling init()...
2014-09-30 00:20:08,005 - Starting Apache Velocity v1.5 (compiled: 2007-02-22 08:52:29)
2014-09-30 00:20:08,005 - Default Properties File: org\apache\velocity\runtime\defaults\velocity.properties
2014-09-30 00:20:08,005 - Trying to use logger class org.apache.velocity.runtime.log.AvalonLogChute
2014-09-30 00:20:08,006 - Couldn't find class org.apache.velocity.runtime.log.AvalonLogChute or necessary supporting classes in classpath.
java.lang.NoClassDefFoundError: org/apache/log/format/Formatter
	at java.lang.Class.forName0(Native Method)
	at java.lang.Class.forName(Class.java:266)
	at org.apache.velocity.util.ClassUtils.getClass(ClassUtils.java:63)
	at org.apache.velocity.util.ClassUtils.getNewInstance(ClassUtils.java:95)
	at org.apache.velocity.runtime.log.LogManager.createLogChute(LogManager.java:147)
	at org.apache.velocity.runtime.log.LogManager.updateLog(LogManager.java:208)
	at org.apache.velocity.runtime.RuntimeInstance.initializeLog(RuntimeInstance.java:728)
	at org.apache.velocity.runtime.RuntimeInstance.init(RuntimeInstance.java:240)
	at org.apache.velocity.runtime.RuntimeInstance.parse(RuntimeInstance.java:993)
	at org.apache.velocity.runtime.RuntimeInstance.parse(RuntimeInstance.java:972)
	at org.apache.velocity.runtime.RuntimeSingleton.parse(RuntimeSingleton.java:265)
	at org.apache.velocity.app.Velocity.evaluate(Velocity.java:274)
	at org.sonatype.mavenbook.weather.WeatherFormatter.format(WeatherFormatter.java:21)
	at org.sonatype.mavenbook.weather.WeatherFormatterTest.testFormat(WeatherFormatterTest.java:23)
	at sun.reflect.NativeMethodAccessorImpl.invoke0(Native Method)
	at sun.reflect.NativeMethodAccessorImpl.invoke(NativeMethodAccessorImpl.java:57)
	at sun.reflect.DelegatingMethodAccessorImpl.invoke(DelegatingMethodAccessorImpl.java:43)
	at java.lang.reflect.Method.invoke(Method.java:601)
	at junit.framework.TestCase.runTest(TestCase.java:154)
	at junit.framework.TestCase.runBare(TestCase.java:127)
	at junit.framework.TestResult$1.protect(TestResult.java:106)
	at junit.framework.TestResult.runProtected(TestResult.java:124)
	at junit.framework.TestResult.run(TestResult.java:109)
	at junit.framework.TestCase.run(TestCase.java:118)
	at junit.framework.TestSuite.runTest(TestSuite.java:208)
	at junit.framework.TestSuite.run(TestSuite.java:203)
	at sun.reflect.NativeMethodAccessorImpl.invoke0(Native Method)
	at sun.reflect.NativeMethodAccessorImpl.invoke(NativeMethodAccessorImpl.java:57)
	at sun.reflect.DelegatingMethodAccessorImpl.invoke(DelegatingMethodAccessorImpl.java:43)
	at java.lang.reflect.Method.invoke(Method.java:601)
	at org.apache.maven.surefire.junit.JUnitTestSet.execute(JUnitTestSet.java:95)
	at org.apache.maven.surefire.junit.JUnit3Provider.executeTestSet(JUnit3Provider.java:121)
	at org.apache.maven.surefire.junit.JUnit3Provider.invoke(JUnit3Provider.java:98)
	at sun.reflect.NativeMethodAccessorImpl.invoke0(Native Method)
	at sun.reflect.NativeMethodAccessorImpl.invoke(NativeMethodAccessorImpl.java:57)
	at sun.reflect.DelegatingMethodAccessorImpl.invoke(DelegatingMethodAccessorImpl.java:43)
	at java.lang.reflect.Method.invoke(Method.java:601)
	at org.apache.maven.surefire.util.ReflectionUtils.invokeMethodWithArray(ReflectionUtils.java:189)
	at org.apache.maven.surefire.booter.ProviderFactory$ProviderProxy.invoke(ProviderFactory.java:165)
	at org.apache.maven.surefire.booter.ProviderFactory.invokeProvider(ProviderFactory.java:85)
	at org.apache.maven.surefire.booter.ForkedBooter.runSuitesInProcess(ForkedBooter.java:115)
	at org.apache.maven.surefire.booter.ForkedBooter.main(ForkedBooter.java:75)
Caused by: java.lang.ClassNotFoundException: org.apache.log.format.Formatter
	at java.net.URLClassLoader$1.run(URLClassLoader.java:366)
	at java.net.URLClassLoader$1.run(URLClassLoader.java:355)
	at java.security.AccessController.doPrivileged(Native Method)
	at java.net.URLClassLoader.findClass(URLClassLoader.java:354)
	at java.lang.ClassLoader.loadClass(ClassLoader.java:423)
	at sun.misc.Launcher$AppClassLoader.loadClass(Launcher.java:308)
	at java.lang.ClassLoader.loadClass(ClassLoader.java:356)
	... 42 more
2014-09-30 00:20:08,008 - Trying to use logger class org.apache.velocity.runtime.log.Log4JLogChute
2014-09-30 00:20:08,008 - Using logger class org.apache.velocity.runtime.log.Log4JLogChute
2014-09-30 00:20:08,009 - Default ResourceManager initializing. (class org.apache.velocity.runtime.resource.ResourceManagerImpl)
2014-09-30 00:20:08,012 - ResourceLoader instantiated: org.apache.velocity.runtime.resource.loader.FileResourceLoader
2014-09-30 00:20:08,012 - Do unicode file recognition:  false
2014-09-30 00:20:08,012 - FileResourceLoader : adding path '.'
2014-09-30 00:20:08,020 - ResourceCache: initialized (class org.apache.velocity.runtime.resource.ResourceCacheImpl)
2014-09-30 00:20:08,021 - Loaded System Directive: org.apache.velocity.runtime.directive.Literal
2014-09-30 00:20:08,022 - Loaded System Directive: org.apache.velocity.runtime.directive.Macro
2014-09-30 00:20:08,022 - Loaded System Directive: org.apache.velocity.runtime.directive.Parse
2014-09-30 00:20:08,023 - Loaded System Directive: org.apache.velocity.runtime.directive.Include
2014-09-30 00:20:08,024 - Loaded System Directive: org.apache.velocity.runtime.directive.Foreach
2014-09-30 00:20:08,039 - Created '20' parsers.
2014-09-30 00:20:08,044 - Velocimacro : "velocimacro.library" is not set.  Trying default library: VM_global_library.vm
2014-09-30 00:20:08,044 - Velocimacro : Default library not found.
2014-09-30 00:20:08,044 - Velocimacro : allowInline = true : VMs can be defined inline in templates
2014-09-30 00:20:08,044 - Velocimacro : allowInlineToOverride = false : VMs defined inline may NOT replace previous VM definitions
2014-09-30 00:20:08,044 - Velocimacro : allowInlineLocal = false : VMs defined inline will be global in scope if allowed.
2014-09-30 00:20:08,044 - Velocimacro : autoload off : VM system will not automatically reload global library macros
2014-09-30 00:21:22,870 - Log4JLogChute initialized using file 'velocity.log'
2014-09-30 00:21:22,871 - Velocity was not initialized! Calling init()...
2014-09-30 00:21:22,871 - Starting Apache Velocity v1.5 (compiled: 2007-02-22 08:52:29)
2014-09-30 00:21:22,871 - Default Properties File: org\apache\velocity\runtime\defaults\velocity.properties
2014-09-30 00:21:22,871 - Trying to use logger class org.apache.velocity.runtime.log.AvalonLogChute
2014-09-30 00:21:22,871 - Couldn't find class org.apache.velocity.runtime.log.AvalonLogChute or necessary supporting classes in classpath.
java.lang.NoClassDefFoundError: org/apache/log/format/Formatter
	at java.lang.Class.forName0(Native Method)
	at java.lang.Class.forName(Class.java:340)
	at org.apache.velocity.util.ClassUtils.getClass(ClassUtils.java:63)
	at org.apache.velocity.util.ClassUtils.getNewInstance(ClassUtils.java:95)
	at org.apache.velocity.runtime.log.LogManager.createLogChute(LogManager.java:147)
	at org.apache.velocity.runtime.log.LogManager.updateLog(LogManager.java:208)
	at org.apache.velocity.runtime.RuntimeInstance.initializeLog(RuntimeInstance.java:728)
	at org.apache.velocity.runtime.RuntimeInstance.init(RuntimeInstance.java:240)
	at org.apache.velocity.runtime.RuntimeInstance.parse(RuntimeInstance.java:993)
	at org.apache.velocity.runtime.RuntimeInstance.parse(RuntimeInstance.java:972)
	at org.apache.velocity.runtime.RuntimeSingleton.parse(RuntimeSingleton.java:265)
	at org.apache.velocity.app.Velocity.evaluate(Velocity.java:274)
	at org.sonatype.mavenbook.weather.WeatherFormatter.format(WeatherFormatter.java:21)
	at org.sonatype.mavenbook.weather.Main.start(Main.java:38)
	at org.sonatype.mavenbook.weather.Main.main(Main.java:21)
	at sun.reflect.NativeMethodAccessorImpl.invoke0(Native Method)
	at sun.reflect.NativeMethodAccessorImpl.invoke(NativeMethodAccessorImpl.java:62)
	at sun.reflect.DelegatingMethodAccessorImpl.invoke(DelegatingMethodAccessorImpl.java:43)
	at java.lang.reflect.Method.invoke(Method.java:483)
	at org.codehaus.mojo.exec.ExecJavaMojo$1.run(ExecJavaMojo.java:293)
	at java.lang.Thread.run(Thread.java:745)
Caused by: java.lang.ClassNotFoundException: org.apache.log.format.Formatter
	at java.net.URLClassLoader$1.run(URLClassLoader.java:372)
	at java.net.URLClassLoader$1.run(URLClassLoader.java:361)
	at java.security.AccessController.doPrivileged(Native Method)
	at java.net.URLClassLoader.findClass(URLClassLoader.java:360)
	at java.lang.ClassLoader.loadClass(ClassLoader.java:424)
	at java.lang.ClassLoader.loadClass(ClassLoader.java:357)
	... 21 more
2014-09-30 00:21:22,872 - Trying to use logger class org.apache.velocity.runtime.log.Log4JLogChute
2014-09-30 00:21:22,872 - Using logger class org.apache.velocity.runtime.log.Log4JLogChute
2014-09-30 00:21:22,873 - Default ResourceManager initializing. (class org.apache.velocity.runtime.resource.ResourceManagerImpl)
2014-09-30 00:21:22,875 - ResourceLoader instantiated: org.apache.velocity.runtime.resource.loader.FileResourceLoader
2014-09-30 00:21:22,876 - Do unicode file recognition:  false
2014-09-30 00:21:22,876 - FileResourceLoader : adding path '.'
2014-09-30 00:21:22,882 - ResourceCache: initialized (class org.apache.velocity.runtime.resource.ResourceCacheImpl)
2014-09-30 00:21:22,883 - Loaded System Directive: org.apache.velocity.runtime.directive.Literal
2014-09-30 00:21:22,884 - Loaded System Directive: org.apache.velocity.runtime.directive.Macro
2014-09-30 00:21:22,884 - Loaded System Directive: org.apache.velocity.runtime.directive.Parse
2014-09-30 00:21:22,885 - Loaded System Directive: org.apache.velocity.runtime.directive.Include
2014-09-30 00:21:22,885 - Loaded System Directive: org.apache.velocity.runtime.directive.Foreach
2014-09-30 00:21:22,899 - Created '20' parsers.
2014-09-30 00:21:22,902 - Velocimacro : "velocimacro.library" is not set.  Trying default library: VM_global_library.vm
2014-09-30 00:21:22,902 - Velocimacro : Default library not found.
2014-09-30 00:21:22,902 - Velocimacro : allowInline = true : VMs can be defined inline in templates
2014-09-30 00:21:22,902 - Velocimacro : allowInlineToOverride = false : VMs defined inline may NOT replace previous VM definitions
2014-09-30 00:21:22,902 - Velocimacro : allowInlineLocal = false : VMs defined inline will be global in scope if allowed.
2014-09-30 00:21:22,902 - Velocimacro : autoload off : VM system will not automatically reload global library macros
2014-09-30 01:08:32,607 - Log4JLogChute initialized using file 'velocity.log'
2014-09-30 01:08:32,612 - Velocity was not initialized! Calling init()...
2014-09-30 01:08:32,612 - Starting Apache Velocity v1.5 (compiled: 2007-02-22 08:52:29)
2014-09-30 01:08:32,612 - Default Properties File: org\apache\velocity\runtime\defaults\velocity.properties
2014-09-30 01:08:32,612 - Trying to use logger class org.apache.velocity.runtime.log.AvalonLogChute
2014-09-30 01:08:32,613 - Couldn't find class org.apache.velocity.runtime.log.AvalonLogChute or necessary supporting classes in classpath.
java.lang.NoClassDefFoundError: org/apache/log/format/Formatter
	at java.lang.Class.forName0(Native Method)
	at java.lang.Class.forName(Class.java:340)
	at org.apache.velocity.util.ClassUtils.getClass(ClassUtils.java:63)
	at org.apache.velocity.util.ClassUtils.getNewInstance(ClassUtils.java:95)
	at org.apache.velocity.runtime.log.LogManager.createLogChute(LogManager.java:147)
	at org.apache.velocity.runtime.log.LogManager.updateLog(LogManager.java:208)
	at org.apache.velocity.runtime.RuntimeInstance.initializeLog(RuntimeInstance.java:728)
	at org.apache.velocity.runtime.RuntimeInstance.init(RuntimeInstance.java:240)
	at org.apache.velocity.runtime.RuntimeInstance.parse(RuntimeInstance.java:993)
	at org.apache.velocity.runtime.RuntimeInstance.parse(RuntimeInstance.java:972)
	at org.apache.velocity.runtime.RuntimeSingleton.parse(RuntimeSingleton.java:265)
	at org.apache.velocity.app.Velocity.evaluate(Velocity.java:274)
	at org.sonatype.mavenbook.weather.WeatherFormatter.format(WeatherFormatter.java:21)
	at org.sonatype.mavenbook.weather.WeatherFormatterTest.testFormat(WeatherFormatterTest.java:23)
	at sun.reflect.NativeMethodAccessorImpl.invoke0(Native Method)
	at sun.reflect.NativeMethodAccessorImpl.invoke(NativeMethodAccessorImpl.java:62)
	at sun.reflect.DelegatingMethodAccessorImpl.invoke(DelegatingMethodAccessorImpl.java:43)
	at java.lang.reflect.Method.invoke(Method.java:483)
	at junit.framework.TestCase.runTest(TestCase.java:154)
	at junit.framework.TestCase.runBare(TestCase.java:127)
	at junit.framework.TestResult$1.protect(TestResult.java:106)
	at junit.framework.TestResult.runProtected(TestResult.java:124)
	at junit.framework.TestResult.run(TestResult.java:109)
	at junit.framework.TestCase.run(TestCase.java:118)
	at junit.framework.TestSuite.runTest(TestSuite.java:208)
	at junit.framework.TestSuite.run(TestSuite.java:203)
	at sun.reflect.NativeMethodAccessorImpl.invoke0(Native Method)
	at sun.reflect.NativeMethodAccessorImpl.invoke(NativeMethodAccessorImpl.java:62)
	at sun.reflect.DelegatingMethodAccessorImpl.invoke(DelegatingMethodAccessorImpl.java:43)
	at java.lang.reflect.Method.invoke(Method.java:483)
	at org.apache.maven.surefire.junit.JUnitTestSet.execute(JUnitTestSet.java:95)
	at org.apache.maven.surefire.junit.JUnit3Provider.executeTestSet(JUnit3Provider.java:121)
	at org.apache.maven.surefire.junit.JUnit3Provider.invoke(JUnit3Provider.java:98)
	at sun.reflect.NativeMethodAccessorImpl.invoke0(Native Method)
	at sun.reflect.NativeMethodAccessorImpl.invoke(NativeMethodAccessorImpl.java:62)
	at sun.reflect.DelegatingMethodAccessorImpl.invoke(DelegatingMethodAccessorImpl.java:43)
	at java.lang.reflect.Method.invoke(Method.java:483)
	at org.apache.maven.surefire.util.ReflectionUtils.invokeMethodWithArray(ReflectionUtils.java:189)
	at org.apache.maven.surefire.booter.ProviderFactory$ProviderProxy.invoke(ProviderFactory.java:165)
	at org.apache.maven.surefire.booter.ProviderFactory.invokeProvider(ProviderFactory.java:85)
	at org.apache.maven.surefire.booter.ForkedBooter.runSuitesInProcess(ForkedBooter.java:115)
	at org.apache.maven.surefire.booter.ForkedBooter.main(ForkedBooter.java:75)
Caused by: java.lang.ClassNotFoundException: org.apache.log.format.Formatter
	at java.net.URLClassLoader$1.run(URLClassLoader.java:372)
	at java.net.URLClassLoader$1.run(URLClassLoader.java:361)
	at java.security.AccessController.doPrivileged(Native Method)
	at java.net.URLClassLoader.findClass(URLClassLoader.java:360)
	at java.lang.ClassLoader.loadClass(ClassLoader.java:424)
	at sun.misc.Launcher$AppClassLoader.loadClass(Launcher.java:308)
	at java.lang.ClassLoader.loadClass(ClassLoader.java:357)
	... 42 more
2014-09-30 01:08:32,615 - Trying to use logger class org.apache.velocity.runtime.log.Log4JLogChute
2014-09-30 01:08:32,615 - Using logger class org.apache.velocity.runtime.log.Log4JLogChute
2014-09-30 01:08:32,616 - Default ResourceManager initializing. (class org.apache.velocity.runtime.resource.ResourceManagerImpl)
2014-09-30 01:08:32,618 - ResourceLoader instantiated: org.apache.velocity.runtime.resource.loader.FileResourceLoader
2014-09-30 01:08:32,619 - Do unicode file recognition:  false
2014-09-30 01:08:32,619 - FileResourceLoader : adding path '.'
2014-09-30 01:08:32,626 - ResourceCache: initialized (class org.apache.velocity.runtime.resource.ResourceCacheImpl)
2014-09-30 01:08:32,626 - Loaded System Directive: org.apache.velocity.runtime.directive.Literal
2014-09-30 01:08:32,627 - Loaded System Directive: org.apache.velocity.runtime.directive.Macro
2014-09-30 01:08:32,628 - Loaded System Directive: org.apache.velocity.runtime.directive.Parse
2014-09-30 01:08:32,628 - Loaded System Directive: org.apache.velocity.runtime.directive.Include
2014-09-30 01:08:32,629 - Loaded System Directive: org.apache.velocity.runtime.directive.Foreach
2014-09-30 01:08:32,650 - Created '20' parsers.
2014-09-30 01:08:32,653 - Velocimacro : "velocimacro.library" is not set.  Trying default library: VM_global_library.vm
2014-09-30 01:08:32,654 - Velocimacro : Default library not found.
2014-09-30 01:08:32,654 - Velocimacro : allowInline = true : VMs can be defined inline in templates
2014-09-30 01:08:32,654 - Velocimacro : allowInlineToOverride = false : VMs defined inline may NOT replace previous VM definitions
2014-09-30 01:08:32,654 - Velocimacro : allowInlineLocal = false : VMs defined inline will be global in scope if allowed.
2014-09-30 01:08:32,654 - Velocimacro : autoload off : VM system will not automatically reload global library macros
2014-09-30 01:13:33,960 - Log4JLogChute initialized using file 'velocity.log'
2014-09-30 01:13:33,960 - Velocity was not initialized! Calling init()...
2014-09-30 01:13:33,960 - Starting Apache Velocity v1.5 (compiled: 2007-02-22 08:52:29)
2014-09-30 01:13:33,960 - Default Properties File: org\apache\velocity\runtime\defaults\velocity.properties
2014-09-30 01:13:33,960 - Trying to use logger class org.apache.velocity.runtime.log.AvalonLogChute
2014-09-30 01:13:33,961 - Couldn't find class org.apache.velocity.runtime.log.AvalonLogChute or necessary supporting classes in classpath.
java.lang.NoClassDefFoundError: org/apache/log/format/Formatter
	at java.lang.Class.forName0(Native Method)
	at java.lang.Class.forName(Class.java:340)
	at org.apache.velocity.util.ClassUtils.getClass(ClassUtils.java:63)
	at org.apache.velocity.util.ClassUtils.getNewInstance(ClassUtils.java:95)
	at org.apache.velocity.runtime.log.LogManager.createLogChute(LogManager.java:147)
	at org.apache.velocity.runtime.log.LogManager.updateLog(LogManager.java:208)
	at org.apache.velocity.runtime.RuntimeInstance.initializeLog(RuntimeInstance.java:728)
	at org.apache.velocity.runtime.RuntimeInstance.init(RuntimeInstance.java:240)
	at org.apache.velocity.runtime.RuntimeInstance.parse(RuntimeInstance.java:993)
	at org.apache.velocity.runtime.RuntimeInstance.parse(RuntimeInstance.java:972)
	at org.apache.velocity.runtime.RuntimeSingleton.parse(RuntimeSingleton.java:265)
	at org.apache.velocity.app.Velocity.evaluate(Velocity.java:274)
	at org.sonatype.mavenbook.weather.WeatherFormatter.format(WeatherFormatter.java:21)
	at org.sonatype.mavenbook.weather.WeatherFormatterTest.testFormat(WeatherFormatterTest.java:23)
	at sun.reflect.NativeMethodAccessorImpl.invoke0(Native Method)
	at sun.reflect.NativeMethodAccessorImpl.invoke(NativeMethodAccessorImpl.java:62)
	at sun.reflect.DelegatingMethodAccessorImpl.invoke(DelegatingMethodAccessorImpl.java:43)
	at java.lang.reflect.Method.invoke(Method.java:483)
	at junit.framework.TestCase.runTest(TestCase.java:154)
	at junit.framework.TestCase.runBare(TestCase.java:127)
	at junit.framework.TestResult$1.protect(TestResult.java:106)
	at junit.framework.TestResult.runProtected(TestResult.java:124)
	at junit.framework.TestResult.run(TestResult.java:109)
	at junit.framework.TestCase.run(TestCase.java:118)
	at junit.framework.TestSuite.runTest(TestSuite.java:208)
	at junit.framework.TestSuite.run(TestSuite.java:203)
	at sun.reflect.NativeMethodAccessorImpl.invoke0(Native Method)
	at sun.reflect.NativeMethodAccessorImpl.invoke(NativeMethodAccessorImpl.java:62)
	at sun.reflect.DelegatingMethodAccessorImpl.invoke(DelegatingMethodAccessorImpl.java:43)
	at java.lang.reflect.Method.invoke(Method.java:483)
	at org.apache.maven.surefire.junit.JUnitTestSet.execute(JUnitTestSet.java:95)
	at org.apache.maven.surefire.junit.JUnit3Provider.executeTestSet(JUnit3Provider.java:121)
	at org.apache.maven.surefire.junit.JUnit3Provider.invoke(JUnit3Provider.java:98)
	at sun.reflect.NativeMethodAccessorImpl.invoke0(Native Method)
	at sun.reflect.NativeMethodAccessorImpl.invoke(NativeMethodAccessorImpl.java:62)
	at sun.reflect.DelegatingMethodAccessorImpl.invoke(DelegatingMethodAccessorImpl.java:43)
	at java.lang.reflect.Method.invoke(Method.java:483)
	at org.apache.maven.surefire.util.ReflectionUtils.invokeMethodWithArray(ReflectionUtils.java:189)
	at org.apache.maven.surefire.booter.ProviderFactory$ProviderProxy.invoke(ProviderFactory.java:165)
	at org.apache.maven.surefire.booter.ProviderFactory.invokeProvider(ProviderFactory.java:85)
	at org.apache.maven.surefire.booter.ForkedBooter.runSuitesInProcess(ForkedBooter.java:115)
	at org.apache.maven.surefire.booter.ForkedBooter.main(ForkedBooter.java:75)
Caused by: java.lang.ClassNotFoundException: org.apache.log.format.Formatter
	at java.net.URLClassLoader$1.run(URLClassLoader.java:372)
	at java.net.URLClassLoader$1.run(URLClassLoader.java:361)
	at java.security.AccessController.doPrivileged(Native Method)
	at java.net.URLClassLoader.findClass(URLClassLoader.java:360)
	at java.lang.ClassLoader.loadClass(ClassLoader.java:424)
	at sun.misc.Launcher$AppClassLoader.loadClass(Launcher.java:308)
	at java.lang.ClassLoader.loadClass(ClassLoader.java:357)
	... 42 more
2014-09-30 01:13:33,962 - Trying to use logger class org.apache.velocity.runtime.log.Log4JLogChute
2014-09-30 01:13:33,962 - Using logger class org.apache.velocity.runtime.log.Log4JLogChute
2014-09-30 01:13:33,963 - Default ResourceManager initializing. (class org.apache.velocity.runtime.resource.ResourceManagerImpl)
2014-09-30 01:13:33,965 - ResourceLoader instantiated: org.apache.velocity.runtime.resource.loader.FileResourceLoader
2014-09-30 01:13:33,966 - Do unicode file recognition:  false
2014-09-30 01:13:33,966 - FileResourceLoader : adding path '.'
2014-09-30 01:13:33,972 - ResourceCache: initialized (class org.apache.velocity.runtime.resource.ResourceCacheImpl)
2014-09-30 01:13:33,973 - Loaded System Directive: org.apache.velocity.runtime.directive.Literal
2014-09-30 01:13:33,974 - Loaded System Directive: org.apache.velocity.runtime.directive.Macro
2014-09-30 01:13:33,975 - Loaded System Directive: org.apache.velocity.runtime.directive.Parse
2014-09-30 01:13:33,975 - Loaded System Directive: org.apache.velocity.runtime.directive.Include
2014-09-30 01:13:33,976 - Loaded System Directive: org.apache.velocity.runtime.directive.Foreach
2014-09-30 01:13:33,989 - Created '20' parsers.
2014-09-30 01:13:33,993 - Velocimacro : "velocimacro.library" is not set.  Trying default library: VM_global_library.vm
2014-09-30 01:13:33,993 - Velocimacro : Default library not found.
2014-09-30 01:13:33,993 - Velocimacro : allowInline = true : VMs can be defined inline in templates
2014-09-30 01:13:33,993 - Velocimacro : allowInlineToOverride = false : VMs defined inline may NOT replace previous VM definitions
2014-09-30 01:13:33,993 - Velocimacro : allowInlineLocal = false : VMs defined inline will be global in scope if allowed.
2014-09-30 01:13:33,993 - Velocimacro : autoload off : VM system will not automatically reload global library macros
2014-09-30 17:07:37,741 - Log4JLogChute initialized using file 'velocity.log'
2014-09-30 17:07:37,742 - Velocity was not initialized! Calling init()...
2014-09-30 17:07:37,742 - Starting Apache Velocity v1.5 (compiled: 2007-02-22 08:52:29)
2014-09-30 17:07:37,742 - Default Properties File: org\apache\velocity\runtime\defaults\velocity.properties
2014-09-30 17:07:37,742 - Trying to use logger class org.apache.velocity.runtime.log.AvalonLogChute
2014-09-30 17:07:37,743 - Couldn't find class org.apache.velocity.runtime.log.AvalonLogChute or necessary supporting classes in classpath.
java.lang.NoClassDefFoundError: org/apache/log/format/Formatter
	at java.lang.Class.forName0(Native Method)
	at java.lang.Class.forName(Class.java:340)
	at org.apache.velocity.util.ClassUtils.getClass(ClassUtils.java:63)
	at org.apache.velocity.util.ClassUtils.getNewInstance(ClassUtils.java:95)
	at org.apache.velocity.runtime.log.LogManager.createLogChute(LogManager.java:147)
	at org.apache.velocity.runtime.log.LogManager.updateLog(LogManager.java:208)
	at org.apache.velocity.runtime.RuntimeInstance.initializeLog(RuntimeInstance.java:728)
	at org.apache.velocity.runtime.RuntimeInstance.init(RuntimeInstance.java:240)
	at org.apache.velocity.runtime.RuntimeInstance.parse(RuntimeInstance.java:993)
	at org.apache.velocity.runtime.RuntimeInstance.parse(RuntimeInstance.java:972)
	at org.apache.velocity.runtime.RuntimeSingleton.parse(RuntimeSingleton.java:265)
	at org.apache.velocity.app.Velocity.evaluate(Velocity.java:274)
	at org.sonatype.mavenbook.weather.WeatherFormatter.format(WeatherFormatter.java:21)
	at org.sonatype.mavenbook.weather.WeatherFormatterTest.testFormat(WeatherFormatterTest.java:23)
	at sun.reflect.NativeMethodAccessorImpl.invoke0(Native Method)
	at sun.reflect.NativeMethodAccessorImpl.invoke(NativeMethodAccessorImpl.java:62)
	at sun.reflect.DelegatingMethodAccessorImpl.invoke(DelegatingMethodAccessorImpl.java:43)
	at java.lang.reflect.Method.invoke(Method.java:483)
	at junit.framework.TestCase.runTest(TestCase.java:154)
	at junit.framework.TestCase.runBare(TestCase.java:127)
	at junit.framework.TestResult$1.protect(TestResult.java:106)
	at junit.framework.TestResult.runProtected(TestResult.java:124)
	at junit.framework.TestResult.run(TestResult.java:109)
	at junit.framework.TestCase.run(TestCase.java:118)
	at junit.framework.TestSuite.runTest(TestSuite.java:208)
	at junit.framework.TestSuite.run(TestSuite.java:203)
	at sun.reflect.NativeMethodAccessorImpl.invoke0(Native Method)
	at sun.reflect.NativeMethodAccessorImpl.invoke(NativeMethodAccessorImpl.java:62)
	at sun.reflect.DelegatingMethodAccessorImpl.invoke(DelegatingMethodAccessorImpl.java:43)
	at java.lang.reflect.Method.invoke(Method.java:483)
	at org.apache.maven.surefire.junit.JUnitTestSet.execute(JUnitTestSet.java:95)
	at org.apache.maven.surefire.junit.JUnit3Provider.executeTestSet(JUnit3Provider.java:121)
	at org.apache.maven.surefire.junit.JUnit3Provider.invoke(JUnit3Provider.java:98)
	at sun.reflect.NativeMethodAccessorImpl.invoke0(Native Method)
	at sun.reflect.NativeMethodAccessorImpl.invoke(NativeMethodAccessorImpl.java:62)
	at sun.reflect.DelegatingMethodAccessorImpl.invoke(DelegatingMethodAccessorImpl.java:43)
	at java.lang.reflect.Method.invoke(Method.java:483)
	at org.apache.maven.surefire.util.ReflectionUtils.invokeMethodWithArray(ReflectionUtils.java:189)
	at org.apache.maven.surefire.booter.ProviderFactory$ProviderProxy.invoke(ProviderFactory.java:165)
	at org.apache.maven.surefire.booter.ProviderFactory.invokeProvider(ProviderFactory.java:85)
	at org.apache.maven.surefire.booter.ForkedBooter.runSuitesInProcess(ForkedBooter.java:115)
	at org.apache.maven.surefire.booter.ForkedBooter.main(ForkedBooter.java:75)
Caused by: java.lang.ClassNotFoundException: org.apache.log.format.Formatter
	at java.net.URLClassLoader$1.run(URLClassLoader.java:372)
	at java.net.URLClassLoader$1.run(URLClassLoader.java:361)
	at java.security.AccessController.doPrivileged(Native Method)
	at java.net.URLClassLoader.findClass(URLClassLoader.java:360)
	at java.lang.ClassLoader.loadClass(ClassLoader.java:424)
	at sun.misc.Launcher$AppClassLoader.loadClass(Launcher.java:308)
	at java.lang.ClassLoader.loadClass(ClassLoader.java:357)
	... 42 more
2014-09-30 17:07:37,744 - Trying to use logger class org.apache.velocity.runtime.log.Log4JLogChute
2014-09-30 17:07:37,744 - Using logger class org.apache.velocity.runtime.log.Log4JLogChute
2014-09-30 17:07:37,745 - Default ResourceManager initializing. (class org.apache.velocity.runtime.resource.ResourceManagerImpl)
2014-09-30 17:07:37,747 - ResourceLoader instantiated: org.apache.velocity.runtime.resource.loader.FileResourceLoader
2014-09-30 17:07:37,747 - Do unicode file recognition:  false
2014-09-30 17:07:37,747 - FileResourceLoader : adding path '.'
2014-09-30 17:07:37,754 - ResourceCache: initialized (class org.apache.velocity.runtime.resource.ResourceCacheImpl)
2014-09-30 17:07:37,755 - Loaded System Directive: org.apache.velocity.runtime.directive.Literal
2014-09-30 17:07:37,755 - Loaded System Directive: org.apache.velocity.runtime.directive.Macro
2014-09-30 17:07:37,756 - Loaded System Directive: org.apache.velocity.runtime.directive.Parse
2014-09-30 17:07:37,757 - Loaded System Directive: org.apache.velocity.runtime.directive.Include
2014-09-30 17:07:37,757 - Loaded System Directive: org.apache.velocity.runtime.directive.Foreach
2014-09-30 17:07:37,771 - Created '20' parsers.
2014-09-30 17:07:37,775 - Velocimacro : "velocimacro.library" is not set.  Trying default library: VM_global_library.vm
2014-09-30 17:07:37,775 - Velocimacro : Default library not found.
2014-09-30 17:07:37,775 - Velocimacro : allowInline = true : VMs can be defined inline in templates
2014-09-30 17:07:37,775 - Velocimacro : allowInlineToOverride = false : VMs defined inline may NOT replace previous VM definitions
2014-09-30 17:07:37,775 - Velocimacro : allowInlineLocal = false : VMs defined inline will be global in scope if allowed.
2014-09-30 17:07:37,775 - Velocimacro : autoload off : VM system will not automatically reload global library macros
2014-09-30 17:14:43,369 - Log4JLogChute initialized using file 'velocity.log'
2014-09-30 17:14:43,369 - Velocity was not initialized! Calling init()...
2014-09-30 17:14:43,369 - Starting Apache Velocity v1.5 (compiled: 2007-02-22 08:52:29)
2014-09-30 17:14:43,369 - Default Properties File: org\apache\velocity\runtime\defaults\velocity.properties
2014-09-30 17:14:43,369 - Trying to use logger class org.apache.velocity.runtime.log.AvalonLogChute
2014-09-30 17:14:43,370 - Couldn't find class org.apache.velocity.runtime.log.AvalonLogChute or necessary supporting classes in classpath.
java.lang.NoClassDefFoundError: org/apache/log/format/Formatter
	at java.lang.Class.forName0(Native Method)
	at java.lang.Class.forName(Class.java:340)
	at org.apache.velocity.util.ClassUtils.getClass(ClassUtils.java:63)
	at org.apache.velocity.util.ClassUtils.getNewInstance(ClassUtils.java:95)
	at org.apache.velocity.runtime.log.LogManager.createLogChute(LogManager.java:147)
	at org.apache.velocity.runtime.log.LogManager.updateLog(LogManager.java:208)
	at org.apache.velocity.runtime.RuntimeInstance.initializeLog(RuntimeInstance.java:728)
	at org.apache.velocity.runtime.RuntimeInstance.init(RuntimeInstance.java:240)
	at org.apache.velocity.runtime.RuntimeInstance.parse(RuntimeInstance.java:993)
	at org.apache.velocity.runtime.RuntimeInstance.parse(RuntimeInstance.java:972)
	at org.apache.velocity.runtime.RuntimeSingleton.parse(RuntimeSingleton.java:265)
	at org.apache.velocity.app.Velocity.evaluate(Velocity.java:274)
	at org.sonatype.mavenbook.weather.WeatherFormatter.format(WeatherFormatter.java:21)
	at org.sonatype.mavenbook.weather.WeatherFormatterTest.testFormat(WeatherFormatterTest.java:23)
	at sun.reflect.NativeMethodAccessorImpl.invoke0(Native Method)
	at sun.reflect.NativeMethodAccessorImpl.invoke(NativeMethodAccessorImpl.java:62)
	at sun.reflect.DelegatingMethodAccessorImpl.invoke(DelegatingMethodAccessorImpl.java:43)
	at java.lang.reflect.Method.invoke(Method.java:483)
	at junit.framework.TestCase.runTest(TestCase.java:154)
	at junit.framework.TestCase.runBare(TestCase.java:127)
	at junit.framework.TestResult$1.protect(TestResult.java:106)
	at junit.framework.TestResult.runProtected(TestResult.java:124)
	at junit.framework.TestResult.run(TestResult.java:109)
	at junit.framework.TestCase.run(TestCase.java:118)
	at junit.framework.TestSuite.runTest(TestSuite.java:208)
	at junit.framework.TestSuite.run(TestSuite.java:203)
	at sun.reflect.NativeMethodAccessorImpl.invoke0(Native Method)
	at sun.reflect.NativeMethodAccessorImpl.invoke(NativeMethodAccessorImpl.java:62)
	at sun.reflect.DelegatingMethodAccessorImpl.invoke(DelegatingMethodAccessorImpl.java:43)
	at java.lang.reflect.Method.invoke(Method.java:483)
	at org.apache.maven.surefire.junit.JUnitTestSet.execute(JUnitTestSet.java:95)
	at org.apache.maven.surefire.junit.JUnit3Provider.executeTestSet(JUnit3Provider.java:121)
	at org.apache.maven.surefire.junit.JUnit3Provider.invoke(JUnit3Provider.java:98)
	at sun.reflect.NativeMethodAccessorImpl.invoke0(Native Method)
	at sun.reflect.NativeMethodAccessorImpl.invoke(NativeMethodAccessorImpl.java:62)
	at sun.reflect.DelegatingMethodAccessorImpl.invoke(DelegatingMethodAccessorImpl.java:43)
	at java.lang.reflect.Method.invoke(Method.java:483)
	at org.apache.maven.surefire.util.ReflectionUtils.invokeMethodWithArray(ReflectionUtils.java:189)
	at org.apache.maven.surefire.booter.ProviderFactory$ProviderProxy.invoke(ProviderFactory.java:165)
	at org.apache.maven.surefire.booter.ProviderFactory.invokeProvider(ProviderFactory.java:85)
	at org.apache.maven.surefire.booter.ForkedBooter.runSuitesInProcess(ForkedBooter.java:115)
	at org.apache.maven.surefire.booter.ForkedBooter.main(ForkedBooter.java:75)
Caused by: java.lang.ClassNotFoundException: org.apache.log.format.Formatter
	at java.net.URLClassLoader$1.run(URLClassLoader.java:372)
	at java.net.URLClassLoader$1.run(URLClassLoader.java:361)
	at java.security.AccessController.doPrivileged(Native Method)
	at java.net.URLClassLoader.findClass(URLClassLoader.java:360)
	at java.lang.ClassLoader.loadClass(ClassLoader.java:424)
	at sun.misc.Launcher$AppClassLoader.loadClass(Launcher.java:308)
	at java.lang.ClassLoader.loadClass(ClassLoader.java:357)
	... 42 more
2014-09-30 17:14:43,371 - Trying to use logger class org.apache.velocity.runtime.log.Log4JLogChute
2014-09-30 17:14:43,371 - Using logger class org.apache.velocity.runtime.log.Log4JLogChute
2014-09-30 17:14:43,373 - Default ResourceManager initializing. (class org.apache.velocity.runtime.resource.ResourceManagerImpl)
2014-09-30 17:14:43,374 - ResourceLoader instantiated: org.apache.velocity.runtime.resource.loader.FileResourceLoader
2014-09-30 17:14:43,375 - Do unicode file recognition:  false
2014-09-30 17:14:43,375 - FileResourceLoader : adding path '.'
2014-09-30 17:14:43,382 - ResourceCache: initialized (class org.apache.velocity.runtime.resource.ResourceCacheImpl)
2014-09-30 17:14:43,383 - Loaded System Directive: org.apache.velocity.runtime.directive.Literal
2014-09-30 17:14:43,383 - Loaded System Directive: org.apache.velocity.runtime.directive.Macro
2014-09-30 17:14:43,384 - Loaded System Directive: org.apache.velocity.runtime.directive.Parse
2014-09-30 17:14:43,384 - Loaded System Directive: org.apache.velocity.runtime.directive.Include
2014-09-30 17:14:43,385 - Loaded System Directive: org.apache.velocity.runtime.directive.Foreach
2014-09-30 17:14:43,399 - Created '20' parsers.
2014-09-30 17:14:43,403 - Velocimacro : "velocimacro.library" is not set.  Trying default library: VM_global_library.vm
2014-09-30 17:14:43,403 - Velocimacro : Default library not found.
2014-09-30 17:14:43,403 - Velocimacro : allowInline = true : VMs can be defined inline in templates
2014-09-30 17:14:43,403 - Velocimacro : allowInlineToOverride = false : VMs defined inline may NOT replace previous VM definitions
2014-09-30 17:14:43,403 - Velocimacro : allowInlineLocal = false : VMs defined inline will be global in scope if allowed.
2014-09-30 17:14:43,403 - Velocimacro : autoload off : VM system will not automatically reload global library macros
2014-09-30 17:26:15,160 - Log4JLogChute initialized using file 'velocity.log'
2014-09-30 17:26:15,160 - Velocity was not initialized! Calling init()...
2014-09-30 17:26:15,160 - Starting Apache Velocity v1.5 (compiled: 2007-02-22 08:52:29)
2014-09-30 17:26:15,160 - Default Properties File: org\apache\velocity\runtime\defaults\velocity.properties
2014-09-30 17:26:15,160 - Trying to use logger class org.apache.velocity.runtime.log.AvalonLogChute
2014-09-30 17:26:15,161 - Couldn't find class org.apache.velocity.runtime.log.AvalonLogChute or necessary supporting classes in classpath.
java.lang.NoClassDefFoundError: org/apache/log/format/Formatter
	at java.lang.Class.forName0(Native Method)
	at java.lang.Class.forName(Class.java:340)
	at org.apache.velocity.util.ClassUtils.getClass(ClassUtils.java:63)
	at org.apache.velocity.util.ClassUtils.getNewInstance(ClassUtils.java:95)
	at org.apache.velocity.runtime.log.LogManager.createLogChute(LogManager.java:147)
	at org.apache.velocity.runtime.log.LogManager.updateLog(LogManager.java:208)
	at org.apache.velocity.runtime.RuntimeInstance.initializeLog(RuntimeInstance.java:728)
	at org.apache.velocity.runtime.RuntimeInstance.init(RuntimeInstance.java:240)
	at org.apache.velocity.runtime.RuntimeInstance.parse(RuntimeInstance.java:993)
	at org.apache.velocity.runtime.RuntimeInstance.parse(RuntimeInstance.java:972)
	at org.apache.velocity.runtime.RuntimeSingleton.parse(RuntimeSingleton.java:265)
	at org.apache.velocity.app.Velocity.evaluate(Velocity.java:274)
	at org.sonatype.mavenbook.weather.WeatherFormatter.format(WeatherFormatter.java:21)
	at org.sonatype.mavenbook.weather.WeatherFormatterTest.testFormat(WeatherFormatterTest.java:23)
	at sun.reflect.NativeMethodAccessorImpl.invoke0(Native Method)
	at sun.reflect.NativeMethodAccessorImpl.invoke(NativeMethodAccessorImpl.java:62)
	at sun.reflect.DelegatingMethodAccessorImpl.invoke(DelegatingMethodAccessorImpl.java:43)
	at java.lang.reflect.Method.invoke(Method.java:483)
	at junit.framework.TestCase.runTest(TestCase.java:154)
	at junit.framework.TestCase.runBare(TestCase.java:127)
	at junit.framework.TestResult$1.protect(TestResult.java:106)
	at junit.framework.TestResult.runProtected(TestResult.java:124)
	at junit.framework.TestResult.run(TestResult.java:109)
	at junit.framework.TestCase.run(TestCase.java:118)
	at junit.framework.TestSuite.runTest(TestSuite.java:208)
	at junit.framework.TestSuite.run(TestSuite.java:203)
	at sun.reflect.NativeMethodAccessorImpl.invoke0(Native Method)
	at sun.reflect.NativeMethodAccessorImpl.invoke(NativeMethodAccessorImpl.java:62)
	at sun.reflect.DelegatingMethodAccessorImpl.invoke(DelegatingMethodAccessorImpl.java:43)
	at java.lang.reflect.Method.invoke(Method.java:483)
	at org.apache.maven.surefire.junit.JUnitTestSet.execute(JUnitTestSet.java:95)
	at org.apache.maven.surefire.junit.JUnit3Provider.executeTestSet(JUnit3Provider.java:121)
	at org.apache.maven.surefire.junit.JUnit3Provider.invoke(JUnit3Provider.java:98)
	at sun.reflect.NativeMethodAccessorImpl.invoke0(Native Method)
	at sun.reflect.NativeMethodAccessorImpl.invoke(NativeMethodAccessorImpl.java:62)
	at sun.reflect.DelegatingMethodAccessorImpl.invoke(DelegatingMethodAccessorImpl.java:43)
	at java.lang.reflect.Method.invoke(Method.java:483)
	at org.apache.maven.surefire.util.ReflectionUtils.invokeMethodWithArray(ReflectionUtils.java:189)
	at org.apache.maven.surefire.booter.ProviderFactory$ProviderProxy.invoke(ProviderFactory.java:165)
	at org.apache.maven.surefire.booter.ProviderFactory.invokeProvider(ProviderFactory.java:85)
	at org.apache.maven.surefire.booter.ForkedBooter.runSuitesInProcess(ForkedBooter.java:115)
	at org.apache.maven.surefire.booter.ForkedBooter.main(ForkedBooter.java:75)
Caused by: java.lang.ClassNotFoundException: org.apache.log.format.Formatter
	at java.net.URLClassLoader$1.run(URLClassLoader.java:372)
	at java.net.URLClassLoader$1.run(URLClassLoader.java:361)
	at java.security.AccessController.doPrivileged(Native Method)
	at java.net.URLClassLoader.findClass(URLClassLoader.java:360)
	at java.lang.ClassLoader.loadClass(ClassLoader.java:424)
	at sun.misc.Launcher$AppClassLoader.loadClass(Launcher.java:308)
	at java.lang.ClassLoader.loadClass(ClassLoader.java:357)
	... 42 more
2014-09-30 17:26:15,162 - Trying to use logger class org.apache.velocity.runtime.log.Log4JLogChute
2014-09-30 17:26:15,162 - Using logger class org.apache.velocity.runtime.log.Log4JLogChute
2014-09-30 17:26:15,163 - Default ResourceManager initializing. (class org.apache.velocity.runtime.resource.ResourceManagerImpl)
2014-09-30 17:26:15,165 - ResourceLoader instantiated: org.apache.velocity.runtime.resource.loader.FileResourceLoader
2014-09-30 17:26:15,166 - Do unicode file recognition:  false
2014-09-30 17:26:15,166 - FileResourceLoader : adding path '.'
2014-09-30 17:26:15,172 - ResourceCache: initialized (class org.apache.velocity.runtime.resource.ResourceCacheImpl)
2014-09-30 17:26:15,173 - Loaded System Directive: org.apache.velocity.runtime.directive.Literal
2014-09-30 17:26:15,174 - Loaded System Directive: org.apache.velocity.runtime.directive.Macro
2014-09-30 17:26:15,174 - Loaded System Directive: org.apache.velocity.runtime.directive.Parse
2014-09-30 17:26:15,175 - Loaded System Directive: org.apache.velocity.runtime.directive.Include
2014-09-30 17:26:15,175 - Loaded System Directive: org.apache.velocity.runtime.directive.Foreach
2014-09-30 17:26:15,189 - Created '20' parsers.
2014-09-30 17:26:15,193 - Velocimacro : "velocimacro.library" is not set.  Trying default library: VM_global_library.vm
2014-09-30 17:26:15,193 - Velocimacro : Default library not found.
2014-09-30 17:26:15,193 - Velocimacro : allowInline = true : VMs can be defined inline in templates
2014-09-30 17:26:15,193 - Velocimacro : allowInlineToOverride = false : VMs defined inline may NOT replace previous VM definitions
2014-09-30 17:26:15,193 - Velocimacro : allowInlineLocal = false : VMs defined inline will be global in scope if allowed.
2014-09-30 17:26:15,193 - Velocimacro : autoload off : VM system will not automatically reload global library macros
