2014-09-30 17:27:59,786 - Log4JLogChute initialized using file 'velocity.log'
2014-09-30 17:27:59,786 - Velocity was not initialized! Calling init()...
2014-09-30 17:27:59,786 - Starting Apache Velocity v1.5 (compiled: 2007-02-22 08:52:29)
2014-09-30 17:27:59,786 - Default Properties File: org\apache\velocity\runtime\defaults\velocity.properties
2014-09-30 17:27:59,786 - Trying to use logger class org.apache.velocity.runtime.log.AvalonLogChute
2014-09-30 17:27:59,787 - Couldn't find class org.apache.velocity.runtime.log.AvalonLogChute or necessary supporting classes in classpath.
java.lang.NoClassDefFoundError: org/apache/log/format/Formatter
	at java.lang.Class.forName0(Native Method)
	at java.lang.Class.forName(Unknown Source)
	at org.apache.velocity.util.ClassUtils.getClass(ClassUtils.java:63)
	at org.apache.velocity.util.ClassUtils.getNewInstance(ClassUtils.java:95)
	at org.apache.velocity.runtime.log.LogManager.createLogChute(LogManager.java:147)
	at org.apache.velocity.runtime.log.LogManager.updateLog(LogManager.java:208)
	at org.apache.velocity.runtime.RuntimeInstance.initializeLog(RuntimeInstance.java:728)
	at org.apache.velocity.runtime.RuntimeInstance.init(RuntimeInstance.java:240)
	at org.apache.velocity.runtime.RuntimeInstance.parse(RuntimeInstance.java:993)
	at org.apache.velocity.runtime.RuntimeInstance.parse(RuntimeInstance.java:972)
	at org.apache.velocity.runtime.RuntimeSingleton.parse(RuntimeSingleton.java:265)
	at org.apache.velocity.app.Velocity.evaluate(Velocity.java:274)
	at org.sonatype.mavenbook.weather.WeatherFormatter.format(WeatherFormatter.java:21)
	at org.sonatype.mavenbook.weather.Main.start(Main.java:38)
	at org.sonatype.mavenbook.weather.Main.main(Main.java:21)
Caused by: java.lang.ClassNotFoundException: org.apache.log.format.Formatter
	at java.net.URLClassLoader$1.run(Unknown Source)
	at java.net.URLClassLoader$1.run(Unknown Source)
	at java.security.AccessController.doPrivileged(Native Method)
	at java.net.URLClassLoader.findClass(Unknown Source)
	at java.lang.ClassLoader.loadClass(Unknown Source)
	at sun.misc.Launcher$AppClassLoader.loadClass(Unknown Source)
	at java.lang.ClassLoader.loadClass(Unknown Source)
	... 15 more
2014-09-30 17:27:59,789 - Trying to use logger class org.apache.velocity.runtime.log.Log4JLogChute
2014-09-30 17:27:59,789 - Using logger class org.apache.velocity.runtime.log.Log4JLogChute
2014-09-30 17:27:59,790 - Default ResourceManager initializing. (class org.apache.velocity.runtime.resource.ResourceManagerImpl)
2014-09-30 17:27:59,791 - ResourceLoader instantiated: org.apache.velocity.runtime.resource.loader.FileResourceLoader
2014-09-30 17:27:59,792 - Do unicode file recognition:  false
2014-09-30 17:27:59,792 - FileResourceLoader : adding path '.'
2014-09-30 17:27:59,797 - ResourceCache: initialized (class org.apache.velocity.runtime.resource.ResourceCacheImpl)
2014-09-30 17:27:59,798 - Loaded System Directive: org.apache.velocity.runtime.directive.Literal
2014-09-30 17:27:59,798 - Loaded System Directive: org.apache.velocity.runtime.directive.Macro
2014-09-30 17:27:59,799 - Loaded System Directive: org.apache.velocity.runtime.directive.Parse
2014-09-30 17:27:59,800 - Loaded System Directive: org.apache.velocity.runtime.directive.Include
2014-09-30 17:27:59,800 - Loaded System Directive: org.apache.velocity.runtime.directive.Foreach
2014-09-30 17:27:59,824 - Created '20' parsers.
2014-09-30 17:27:59,828 - Velocimacro : "velocimacro.library" is not set.  Trying default library: VM_global_library.vm
2014-09-30 17:27:59,829 - Velocimacro : Default library not found.
2014-09-30 17:27:59,829 - Velocimacro : allowInline = true : VMs can be defined inline in templates
2014-09-30 17:27:59,829 - Velocimacro : allowInlineToOverride = false : VMs defined inline may NOT replace previous VM definitions
2014-09-30 17:27:59,829 - Velocimacro : allowInlineLocal = false : VMs defined inline will be global in scope if allowed.
2014-09-30 17:27:59,829 - Velocimacro : autoload off : VM system will not automatically reload global library macros
